TN:
SF:/Users/josephsemrai/Documents/GitHub/book-examples/Project 6/2_project6_frontend_testing/Frontend/src/App.js
FN:11,(anonymous_0)
FN:22,(anonymous_1)
FN:25,(anonymous_2)
FN:28,(anonymous_3)
FN:33,(anonymous_4)
FN:45,(anonymous_5)
FN:63,(anonymous_6)
FN:69,(anonymous_7)
FN:80,(anonymous_8)
FN:81,(anonymous_9)
FN:86,(anonymous_10)
FN:87,(anonymous_11)
FN:91,(anonymous_12)
FN:93,(anonymous_13)
FN:103,(anonymous_14)
FN:109,(anonymous_15)
FN:114,(anonymous_16)
FN:114,(anonymous_17)
FN:118,(anonymous_18)
FN:122,(anonymous_19)
FN:127,(anonymous_20)
FN:128,(anonymous_21)
FN:138,(anonymous_22)
FN:163,(anonymous_23)
FNF:24
FNH:7
FNDA:3,(anonymous_0)
FNDA:1,(anonymous_1)
FNDA:1,(anonymous_2)
FNDA:0,(anonymous_3)
FNDA:1,(anonymous_4)
FNDA:0,(anonymous_5)
FNDA:0,(anonymous_6)
FNDA:0,(anonymous_7)
FNDA:0,(anonymous_8)
FNDA:0,(anonymous_9)
FNDA:0,(anonymous_10)
FNDA:0,(anonymous_11)
FNDA:0,(anonymous_12)
FNDA:0,(anonymous_13)
FNDA:0,(anonymous_14)
FNDA:0,(anonymous_15)
FNDA:3,(anonymous_16)
FNDA:3,(anonymous_17)
FNDA:0,(anonymous_18)
FNDA:3,(anonymous_19)
FNDA:0,(anonymous_20)
FNDA:0,(anonymous_21)
FNDA:0,(anonymous_22)
FNDA:0,(anonymous_23)
DA:11,1
DA:12,3
DA:13,3
DA:16,3
DA:17,3
DA:18,3
DA:19,3
DA:20,3
DA:22,3
DA:23,1
DA:26,1
DA:29,0
DA:33,3
DA:34,1
DA:35,1
DA:36,0
DA:37,0
DA:38,0
DA:42,3
DA:43,3
DA:45,3
DA:46,0
DA:47,0
DA:48,0
DA:52,0
DA:53,0
DA:54,0
DA:55,0
DA:58,0
DA:61,0
DA:62,0
DA:63,0
DA:64,0
DA:69,3
DA:70,0
DA:71,0
DA:72,0
DA:73,0
DA:74,0
DA:76,0
DA:80,3
DA:81,0
DA:82,0
DA:84,0
DA:87,0
DA:91,3
DA:93,3
DA:94,0
DA:95,0
DA:96,0
DA:102,0
DA:104,0
DA:105,0
DA:109,3
DA:110,0
DA:111,0
DA:114,3
DA:115,3
DA:118,0
DA:122,3
DA:123,3
DA:127,0
DA:128,0
DA:136,3
DA:138,3
DA:139,0
DA:148,3
DA:163,0
LF:68
LH:29
BRDA:35,0,0,0
BRDA:35,0,1,1
BRDA:87,1,0,0
BRDA:87,1,1,0
BRDA:91,2,0,3
BRDA:91,2,1,0
BRDA:152,3,0,3
BRDA:152,3,1,0
BRDA:164,4,0,3
BRDA:164,4,1,0
BRF:10
BRH:4
end_of_record
TN:
SF:/Users/josephsemrai/Documents/GitHub/book-examples/Project 6/2_project6_frontend_testing/Frontend/src/components/LoginForm.js
FN:4,(anonymous_0)
FNF:1
FNH:1
FNDA:3,(anonymous_0)
DA:4,1
DA:12,3
DA:37,1
LF:3
LH:3
BRF:0
BRH:0
end_of_record
TN:
SF:/Users/josephsemrai/Documents/GitHub/book-examples/Project 6/2_project6_frontend_testing/Frontend/src/components/Note.js
FN:3,(anonymous_0)
FNF:1
FNH:1
FNDA:3,(anonymous_0)
DA:3,1
DA:4,3
LF:2
LH:2
BRF:0
BRH:0
end_of_record
TN:
SF:/Users/josephsemrai/Documents/GitHub/book-examples/Project 6/2_project6_frontend_testing/Frontend/src/components/NoteForm.js
FN:3,(anonymous_0)
FNF:1
FNH:1
FNDA:1,(anonymous_0)
DA:3,2
DA:8,1
LF:2
LH:2
BRF:0
BRH:0
end_of_record
TN:
SF:/Users/josephsemrai/Documents/GitHub/book-examples/Project 6/2_project6_frontend_testing/Frontend/src/components/Notification.js
FN:3,(anonymous_0)
FNF:1
FNH:1
FNDA:3,(anonymous_0)
DA:3,1
DA:4,3
DA:5,0
DA:8,3
LF:4
LH:3
BRDA:4,0,0,0
BRDA:4,0,1,3
BRF:2
BRH:1
end_of_record
TN:
SF:/Users/josephsemrai/Documents/GitHub/book-examples/Project 6/2_project6_frontend_testing/Frontend/src/components/Separator.js
FN:3,(anonymous_0)
FNF:1
FNH:1
FNDA:3,(anonymous_0)
DA:3,1
DA:4,3
DA:12,3
LF:3
LH:3
BRF:0
BRH:0
end_of_record
TN:
SF:/Users/josephsemrai/Documents/GitHub/book-examples/Project 6/2_project6_frontend_testing/Frontend/src/components/Togglable.js
FN:4,(anonymous_0)
FN:16,(anonymous_1)
FN:20,(anonymous_2)
FNF:3
FNH:2
FNDA:10,(anonymous_0)
FNDA:3,(anonymous_1)
FNDA:0,(anonymous_2)
DA:4,2
DA:11,10
DA:13,10
DA:14,10
DA:16,10
DA:17,3
DA:20,10
DA:21,0
DA:26,10
DA:39,2
LF:10
LH:9
BRDA:13,0,0,2
BRDA:13,0,1,8
BRDA:14,1,0,2
BRDA:14,1,1,8
BRF:4
BRH:4
end_of_record
TN:
SF:/Users/josephsemrai/Documents/GitHub/book-examples/Project 6/2_project6_frontend_testing/Frontend/src/services/notes.js
FN:6,(anonymous_0)
FN:10,(anonymous_1)
FN:12,(anonymous_2)
FN:15,(anonymous_3)
FN:24,(anonymous_4)
FN:26,(anonymous_5)
FNF:6
FNH:0
FNDA:0,(anonymous_0)
FNDA:0,(anonymous_1)
FNDA:0,(anonymous_2)
FNDA:0,(anonymous_3)
FNDA:0,(anonymous_4)
FNDA:0,(anonymous_5)
DA:2,0
DA:4,0
DA:6,0
DA:7,0
DA:10,0
DA:11,0
DA:12,0
DA:15,0
DA:16,0
DA:20,0
DA:21,0
DA:24,0
DA:25,0
DA:26,0
LF:14
LH:0
BRF:0
BRH:0
end_of_record
