{"/Users/josephsemrai/Documents/GitHub/book-examples/Project 6/2_project6_frontend_testing/Frontend/src/App.js": {"path":"/Users/josephsemrai/Documents/GitHub/book-examples/Project 6/2_project6_frontend_testing/Frontend/src/App.js","statementMap":{"0":{"start":{"line":11,"column":12},"end":{"line":176,"column":1}},"1":{"start":{"line":12,"column":28},"end":{"line":12,"column":40}},"2":{"start":{"line":13,"column":36},"end":{"line":15,"column":3}},"3":{"start":{"line":16,"column":32},"end":{"line":16,"column":46}},"4":{"start":{"line":17,"column":56},"end":{"line":17,"column":66}},"5":{"start":{"line":18,"column":34},"end":{"line":18,"column":46}},"6":{"start":{"line":19,"column":34},"end":{"line":19,"column":46}},"7":{"start":{"line":20,"column":26},"end":{"line":20,"column":40}},"8":{"start":{"line":22,"column":26},"end":{"line":31,"column":3}},"9":{"start":{"line":23,"column":4},"end":{"line":30,"column":8}},"10":{"start":{"line":26,"column":8},"end":{"line":26,"column":30}},"11":{"start":{"line":29,"column":8},"end":{"line":29,"column":111}},"12":{"start":{"line":33,"column":25},"end":{"line":40,"column":3}},"13":{"start":{"line":34,"column":29},"end":{"line":34,"column":71}},"14":{"start":{"line":35,"column":4},"end":{"line":39,"column":5}},"15":{"start":{"line":36,"column":19},"end":{"line":36,"column":47}},"16":{"start":{"line":37,"column":6},"end":{"line":37,"column":19}},"17":{"start":{"line":38,"column":6},"end":{"line":38,"column":38}},"18":{"start":{"line":42,"column":2},"end":{"line":42,"column":32}},"19":{"start":{"line":43,"column":2},"end":{"line":43,"column":31}},"20":{"start":{"line":45,"column":22},"end":{"line":67,"column":3}},"21":{"start":{"line":46,"column":4},"end":{"line":46,"column":26}},"22":{"start":{"line":47,"column":4},"end":{"line":66,"column":5}},"23":{"start":{"line":48,"column":19},"end":{"line":50,"column":8}},"24":{"start":{"line":52,"column":6},"end":{"line":52,"column":19}},"25":{"start":{"line":53,"column":6},"end":{"line":53,"column":21}},"26":{"start":{"line":54,"column":6},"end":{"line":54,"column":21}},"27":{"start":{"line":55,"column":6},"end":{"line":57,"column":7}},"28":{"start":{"line":58,"column":6},"end":{"line":58,"column":38}},"29":{"start":{"line":61,"column":6},"end":{"line":61,"column":28}},"30":{"start":{"line":62,"column":6},"end":{"line":62,"column":67}},"31":{"start":{"line":63,"column":6},"end":{"line":65,"column":14}},"32":{"start":{"line":64,"column":8},"end":{"line":64,"column":36}},"33":{"start":{"line":69,"column":23},"end":{"line":78,"column":3}},"34":{"start":{"line":70,"column":4},"end":{"line":70,"column":26}},"35":{"start":{"line":71,"column":4},"end":{"line":77,"column":5}},"36":{"start":{"line":72,"column":6},"end":{"line":72,"column":51}},"37":{"start":{"line":73,"column":6},"end":{"line":73,"column":32}},"38":{"start":{"line":74,"column":6},"end":{"line":74,"column":19}},"39":{"start":{"line":76,"column":6},"end":{"line":76,"column":28}},"40":{"start":{"line":80,"column":24},"end":{"line":89,"column":3}},"41":{"start":{"line":81,"column":27},"end":{"line":81,"column":55}},"42":{"start":{"line":81,"column":43},"end":{"line":81,"column":54}},"43":{"start":{"line":82,"column":24},"end":{"line":82,"column":79}},"44":{"start":{"line":84,"column":4},"end":{"line":88,"column":8}},"45":{"start":{"line":87,"column":6},"end":{"line":87,"column":70}},"46":{"start":{"line":87,"column":33},"end":{"line":87,"column":68}},"47":{"start":{"line":91,"column":24},"end":{"line":91,"column":76}},"48":{"start":{"line":91,"column":63},"end":{"line":91,"column":75}},"49":{"start":{"line":93,"column":18},"end":{"line":107,"column":3}},"50":{"start":{"line":94,"column":4},"end":{"line":94,"column":26}},"51":{"start":{"line":95,"column":4},"end":{"line":95,"column":42}},"52":{"start":{"line":96,"column":26},"end":{"line":100,"column":5}},"53":{"start":{"line":102,"column":4},"end":{"line":106,"column":8}},"54":{"start":{"line":104,"column":8},"end":{"line":104,"column":36}},"55":{"start":{"line":105,"column":8},"end":{"line":105,"column":48}},"56":{"start":{"line":109,"column":28},"end":{"line":112,"column":3}},"57":{"start":{"line":110,"column":4},"end":{"line":110,"column":57}},"58":{"start":{"line":111,"column":4},"end":{"line":111,"column":36}},"59":{"start":{"line":114,"column":19},"end":{"line":120,"column":3}},"60":{"start":{"line":114,"column":25},"end":{"line":120,"column":3}},"61":{"start":{"line":115,"column":3},"end":{"line":119,"column":6}},"62":{"start":{"line":118,"column":27},"end":{"line":118,"column":49}},"63":{"start":{"line":122,"column":20},"end":{"line":134,"column":3}},"64":{"start":{"line":123,"column":4},"end":{"line":133,"column":5}},"65":{"start":{"line":127,"column":48},"end":{"line":127,"column":73}},"66":{"start":{"line":128,"column":48},"end":{"line":128,"column":73}},"67":{"start":{"line":136,"column":22},"end":{"line":136,"column":39}},"68":{"start":{"line":138,"column":19},"end":{"line":146,"column":3}},"69":{"start":{"line":139,"column":4},"end":{"line":145,"column":16}},"70":{"start":{"line":148,"column":2},"end":{"line":175,"column":3}},"71":{"start":{"line":163,"column":31},"end":{"line":163,"column":51}}},"fnMap":{"0":{"name":"(anonymous_0)","decl":{"start":{"line":11,"column":12},"end":{"line":11,"column":13}},"loc":{"start":{"line":11,"column":23},"end":{"line":176,"column":1}},"line":11},"1":{"name":"(anonymous_1)","decl":{"start":{"line":22,"column":26},"end":{"line":22,"column":27}},"loc":{"start":{"line":22,"column":32},"end":{"line":31,"column":3}},"line":22},"2":{"name":"(anonymous_2)","decl":{"start":{"line":25,"column":12},"end":{"line":25,"column":13}},"loc":{"start":{"line":25,"column":28},"end":{"line":27,"column":7}},"line":25},"3":{"name":"(anonymous_3)","decl":{"start":{"line":28,"column":13},"end":{"line":28,"column":14}},"loc":{"start":{"line":28,"column":22},"end":{"line":30,"column":7}},"line":28},"4":{"name":"(anonymous_4)","decl":{"start":{"line":33,"column":25},"end":{"line":33,"column":26}},"loc":{"start":{"line":33,"column":31},"end":{"line":40,"column":3}},"line":33},"5":{"name":"(anonymous_5)","decl":{"start":{"line":45,"column":22},"end":{"line":45,"column":23}},"loc":{"start":{"line":45,"column":39},"end":{"line":67,"column":3}},"line":45},"6":{"name":"(anonymous_6)","decl":{"start":{"line":63,"column":17},"end":{"line":63,"column":18}},"loc":{"start":{"line":63,"column":23},"end":{"line":65,"column":7}},"line":63},"7":{"name":"(anonymous_7)","decl":{"start":{"line":69,"column":23},"end":{"line":69,"column":24}},"loc":{"start":{"line":69,"column":40},"end":{"line":78,"column":3}},"line":69},"8":{"name":"(anonymous_8)","decl":{"start":{"line":80,"column":24},"end":{"line":80,"column":25}},"loc":{"start":{"line":80,"column":30},"end":{"line":89,"column":3}},"line":80},"9":{"name":"(anonymous_9)","decl":{"start":{"line":81,"column":38},"end":{"line":81,"column":39}},"loc":{"start":{"line":81,"column":43},"end":{"line":81,"column":54}},"line":81},"10":{"name":"(anonymous_10)","decl":{"start":{"line":86,"column":12},"end":{"line":86,"column":13}},"loc":{"start":{"line":86,"column":28},"end":{"line":88,"column":7}},"line":86},"11":{"name":"(anonymous_11)","decl":{"start":{"line":87,"column":25},"end":{"line":87,"column":26}},"loc":{"start":{"line":87,"column":33},"end":{"line":87,"column":68}},"line":87},"12":{"name":"(anonymous_12)","decl":{"start":{"line":91,"column":55},"end":{"line":91,"column":56}},"loc":{"start":{"line":91,"column":63},"end":{"line":91,"column":75}},"line":91},"13":{"name":"(anonymous_13)","decl":{"start":{"line":93,"column":18},"end":{"line":93,"column":19}},"loc":{"start":{"line":93,"column":29},"end":{"line":107,"column":3}},"line":93},"14":{"name":"(anonymous_14)","decl":{"start":{"line":103,"column":12},"end":{"line":103,"column":13}},"loc":{"start":{"line":103,"column":20},"end":{"line":106,"column":7}},"line":103},"15":{"name":"(anonymous_15)","decl":{"start":{"line":109,"column":28},"end":{"line":109,"column":29}},"loc":{"start":{"line":109,"column":39},"end":{"line":112,"column":3}},"line":109},"16":{"name":"(anonymous_16)","decl":{"start":{"line":114,"column":19},"end":{"line":114,"column":20}},"loc":{"start":{"line":114,"column":25},"end":{"line":120,"column":3}},"line":114},"17":{"name":"(anonymous_17)","decl":{"start":{"line":114,"column":43},"end":{"line":114,"column":44}},"loc":{"start":{"line":115,"column":3},"end":{"line":119,"column":6}},"line":115},"18":{"name":"(anonymous_18)","decl":{"start":{"line":118,"column":21},"end":{"line":118,"column":22}},"loc":{"start":{"line":118,"column":27},"end":{"line":118,"column":49}},"line":118},"19":{"name":"(anonymous_19)","decl":{"start":{"line":122,"column":20},"end":{"line":122,"column":21}},"loc":{"start":{"line":122,"column":26},"end":{"line":134,"column":3}},"line":122},"20":{"name":"(anonymous_20)","decl":{"start":{"line":127,"column":32},"end":{"line":127,"column":33}},"loc":{"start":{"line":127,"column":48},"end":{"line":127,"column":73}},"line":127},"21":{"name":"(anonymous_21)","decl":{"start":{"line":128,"column":32},"end":{"line":128,"column":33}},"loc":{"start":{"line":128,"column":48},"end":{"line":128,"column":73}},"line":128},"22":{"name":"(anonymous_22)","decl":{"start":{"line":138,"column":19},"end":{"line":138,"column":20}},"loc":{"start":{"line":139,"column":4},"end":{"line":145,"column":16}},"line":139},"23":{"name":"(anonymous_23)","decl":{"start":{"line":163,"column":25},"end":{"line":163,"column":26}},"loc":{"start":{"line":163,"column":31},"end":{"line":163,"column":51}},"line":163}},"branchMap":{"0":{"loc":{"start":{"line":35,"column":4},"end":{"line":39,"column":5}},"type":"if","locations":[{"start":{"line":35,"column":4},"end":{"line":39,"column":5}},{"start":{"line":35,"column":4},"end":{"line":39,"column":5}}],"line":35},"1":{"loc":{"start":{"line":87,"column":33},"end":{"line":87,"column":68}},"type":"cond-expr","locations":[{"start":{"line":87,"column":50},"end":{"line":87,"column":61}},{"start":{"line":87,"column":64},"end":{"line":87,"column":68}}],"line":87},"2":{"loc":{"start":{"line":91,"column":24},"end":{"line":91,"column":76}},"type":"cond-expr","locations":[{"start":{"line":91,"column":34},"end":{"line":91,"column":39}},{"start":{"line":91,"column":42},"end":{"line":91,"column":76}}],"line":91},"3":{"loc":{"start":{"line":152,"column":7},"end":{"line":157,"column":14}},"type":"cond-expr","locations":[{"start":{"line":153,"column":6},"end":{"line":153,"column":17}},{"start":{"line":154,"column":5},"end":{"line":157,"column":14}}],"line":152},"4":{"loc":{"start":{"line":164,"column":16},"end":{"line":164,"column":43}},"type":"cond-expr","locations":[{"start":{"line":164,"column":26},"end":{"line":164,"column":35}},{"start":{"line":164,"column":38},"end":{"line":164,"column":43}}],"line":164}},"s":{"0":1,"1":3,"2":3,"3":3,"4":3,"5":3,"6":3,"7":3,"8":3,"9":1,"10":1,"11":0,"12":3,"13":1,"14":1,"15":0,"16":0,"17":0,"18":3,"19":3,"20":3,"21":0,"22":0,"23":0,"24":0,"25":0,"26":0,"27":0,"28":0,"29":0,"30":0,"31":0,"32":0,"33":3,"34":0,"35":0,"36":0,"37":0,"38":0,"39":0,"40":3,"41":0,"42":0,"43":0,"44":0,"45":0,"46":0,"47":3,"48":0,"49":3,"50":0,"51":0,"52":0,"53":0,"54":0,"55":0,"56":3,"57":0,"58":0,"59":3,"60":3,"61":3,"62":0,"63":3,"64":3,"65":0,"66":0,"67":3,"68":3,"69":0,"70":3,"71":0},"f":{"0":3,"1":1,"2":1,"3":0,"4":1,"5":0,"6":0,"7":0,"8":0,"9":0,"10":0,"11":0,"12":0,"13":0,"14":0,"15":0,"16":3,"17":3,"18":0,"19":3,"20":0,"21":0,"22":0,"23":0},"b":{"0":[0,1],"1":[0,0],"2":[3,0],"3":[3,0],"4":[3,0]},"_coverageSchema":"43e27e138ebf9cfc5966b082cf9a028302ed4184","hash":"09f4d6349cffeb6607e7fb43d222b97b8156f276"}
,"/Users/josephsemrai/Documents/GitHub/book-examples/Project 6/2_project6_frontend_testing/Frontend/src/components/LoginForm.js": {"path":"/Users/josephsemrai/Documents/GitHub/book-examples/Project 6/2_project6_frontend_testing/Frontend/src/components/LoginForm.js","statementMap":{"0":{"start":{"line":4,"column":18},"end":{"line":35,"column":1}},"1":{"start":{"line":12,"column":2},"end":{"line":34,"column":3}},"2":{"start":{"line":37,"column":0},"end":{"line":43,"column":1}}},"fnMap":{"0":{"name":"(anonymous_0)","decl":{"start":{"line":4,"column":18},"end":{"line":4,"column":19}},"loc":{"start":{"line":10,"column":6},"end":{"line":35,"column":1}},"line":10}},"branchMap":{},"s":{"0":1,"1":3,"2":1},"f":{"0":3},"b":{},"_coverageSchema":"43e27e138ebf9cfc5966b082cf9a028302ed4184","hash":"9634956dcfd780ab8f7855af574a61fc7383e0ca"}
,"/Users/josephsemrai/Documents/GitHub/book-examples/Project 6/2_project6_frontend_testing/Frontend/src/components/Note.js": {"path":"/Users/josephsemrai/Documents/GitHub/book-examples/Project 6/2_project6_frontend_testing/Frontend/src/components/Note.js","statementMap":{"0":{"start":{"line":3,"column":13},"end":{"line":10,"column":1}},"1":{"start":{"line":4,"column":2},"end":{"line":9,"column":3}}},"fnMap":{"0":{"name":"(anonymous_0)","decl":{"start":{"line":3,"column":13},"end":{"line":3,"column":14}},"loc":{"start":{"line":3,"column":42},"end":{"line":10,"column":1}},"line":3}},"branchMap":{},"s":{"0":1,"1":3},"f":{"0":3},"b":{},"_coverageSchema":"43e27e138ebf9cfc5966b082cf9a028302ed4184","hash":"080e9a82496e7acfa247ec503cbfdcf96fb41e23"}
,"/Users/josephsemrai/Documents/GitHub/book-examples/Project 6/2_project6_frontend_testing/Frontend/src/components/NoteForm.js": {"path":"/Users/josephsemrai/Documents/GitHub/book-examples/Project 6/2_project6_frontend_testing/Frontend/src/components/NoteForm.js","statementMap":{"0":{"start":{"line":3,"column":17},"end":{"line":15,"column":1}},"1":{"start":{"line":8,"column":2},"end":{"line":14,"column":9}}},"fnMap":{"0":{"name":"(anonymous_0)","decl":{"start":{"line":3,"column":17},"end":{"line":3,"column":18}},"loc":{"start":{"line":8,"column":2},"end":{"line":14,"column":9}},"line":8}},"branchMap":{},"s":{"0":2,"1":1},"f":{"0":1},"b":{},"_coverageSchema":"43e27e138ebf9cfc5966b082cf9a028302ed4184","hash":"74a955ddab6bf25512d554c7cc71420555060689"}
,"/Users/josephsemrai/Documents/GitHub/book-examples/Project 6/2_project6_frontend_testing/Frontend/src/components/Notification.js": {"path":"/Users/josephsemrai/Documents/GitHub/book-examples/Project 6/2_project6_frontend_testing/Frontend/src/components/Notification.js","statementMap":{"0":{"start":{"line":3,"column":21},"end":{"line":13,"column":1}},"1":{"start":{"line":4,"column":2},"end":{"line":6,"column":3}},"2":{"start":{"line":5,"column":4},"end":{"line":5,"column":15}},"3":{"start":{"line":8,"column":2},"end":{"line":12,"column":3}}},"fnMap":{"0":{"name":"(anonymous_0)","decl":{"start":{"line":3,"column":21},"end":{"line":3,"column":22}},"loc":{"start":{"line":3,"column":38},"end":{"line":13,"column":1}},"line":3}},"branchMap":{"0":{"loc":{"start":{"line":4,"column":2},"end":{"line":6,"column":3}},"type":"if","locations":[{"start":{"line":4,"column":2},"end":{"line":6,"column":3}},{"start":{"line":4,"column":2},"end":{"line":6,"column":3}}],"line":4}},"s":{"0":1,"1":3,"2":0,"3":3},"f":{"0":3},"b":{"0":[0,3]},"_coverageSchema":"43e27e138ebf9cfc5966b082cf9a028302ed4184","hash":"66dea0a18f8ef21a7b3dac135e315c74284efdc8"}
,"/Users/josephsemrai/Documents/GitHub/book-examples/Project 6/2_project6_frontend_testing/Frontend/src/components/Separator.js": {"path":"/Users/josephsemrai/Documents/GitHub/book-examples/Project 6/2_project6_frontend_testing/Frontend/src/components/Separator.js","statementMap":{"0":{"start":{"line":3,"column":18},"end":{"line":17,"column":1}},"1":{"start":{"line":4,"column":25},"end":{"line":10,"column":3}},"2":{"start":{"line":12,"column":2},"end":{"line":16,"column":3}}},"fnMap":{"0":{"name":"(anonymous_0)","decl":{"start":{"line":3,"column":18},"end":{"line":3,"column":19}},"loc":{"start":{"line":3,"column":24},"end":{"line":17,"column":1}},"line":3}},"branchMap":{},"s":{"0":1,"1":3,"2":3},"f":{"0":3},"b":{},"_coverageSchema":"43e27e138ebf9cfc5966b082cf9a028302ed4184","hash":"286f0a5883b36a0dfe75d8ed07bf0fe8ffe0654a"}
,"/Users/josephsemrai/Documents/GitHub/book-examples/Project 6/2_project6_frontend_testing/Frontend/src/components/Togglable.js": {"path":"/Users/josephsemrai/Documents/GitHub/book-examples/Project 6/2_project6_frontend_testing/Frontend/src/components/Togglable.js","statementMap":{"0":{"start":{"line":4,"column":18},"end":{"line":37,"column":2}},"1":{"start":{"line":11,"column":32},"end":{"line":11,"column":47}},"2":{"start":{"line":13,"column":26},"end":{"line":13,"column":60}},"3":{"start":{"line":14,"column":26},"end":{"line":14,"column":60}},"4":{"start":{"line":16,"column":27},"end":{"line":18,"column":3}},"5":{"start":{"line":17,"column":4},"end":{"line":17,"column":24}},"6":{"start":{"line":20,"column":2},"end":{"line":24,"column":4}},"7":{"start":{"line":21,"column":4},"end":{"line":23,"column":5}},"8":{"start":{"line":26,"column":2},"end":{"line":36,"column":3}},"9":{"start":{"line":39,"column":0},"end":{"line":41,"column":1}}},"fnMap":{"0":{"name":"(anonymous_0)","decl":{"start":{"line":4,"column":35},"end":{"line":4,"column":36}},"loc":{"start":{"line":9,"column":5},"end":{"line":37,"column":1}},"line":9},"1":{"name":"(anonymous_1)","decl":{"start":{"line":16,"column":27},"end":{"line":16,"column":28}},"loc":{"start":{"line":16,"column":33},"end":{"line":18,"column":3}},"line":16},"2":{"name":"(anonymous_2)","decl":{"start":{"line":20,"column":27},"end":{"line":20,"column":28}},"loc":{"start":{"line":20,"column":33},"end":{"line":24,"column":3}},"line":20}},"branchMap":{"0":{"loc":{"start":{"line":13,"column":37},"end":{"line":13,"column":58}},"type":"cond-expr","locations":[{"start":{"line":13,"column":47},"end":{"line":13,"column":53}},{"start":{"line":13,"column":56},"end":{"line":13,"column":58}}],"line":13},"1":{"loc":{"start":{"line":14,"column":37},"end":{"line":14,"column":58}},"type":"cond-expr","locations":[{"start":{"line":14,"column":47},"end":{"line":14,"column":49}},{"start":{"line":14,"column":52},"end":{"line":14,"column":58}}],"line":14}},"s":{"0":2,"1":10,"2":10,"3":10,"4":10,"5":3,"6":10,"7":0,"8":10,"9":2},"f":{"0":10,"1":3,"2":0},"b":{"0":[2,8],"1":[2,8]},"_coverageSchema":"43e27e138ebf9cfc5966b082cf9a028302ed4184","hash":"289e559a62eb2d03c9f8cbe1394e5332d7dfeacf"}
,"/Users/josephsemrai/Documents/GitHub/book-examples/Project 6/2_project6_frontend_testing/Frontend/src/services/notes.js": {"path":"/Users/josephsemrai/Documents/GitHub/book-examples/Project 6/2_project6_frontend_testing/Frontend/src/services/notes.js","statementMap":{"0":{"start":{"line":2,"column":16},"end":{"line":2,"column":28}},"1":{"start":{"line":4,"column":12},"end":{"line":4,"column":16}},"2":{"start":{"line":6,"column":17},"end":{"line":8,"column":1}},"3":{"start":{"line":7,"column":2},"end":{"line":7,"column":31}},"4":{"start":{"line":10,"column":15},"end":{"line":13,"column":1}},"5":{"start":{"line":11,"column":14},"end":{"line":11,"column":32}},"6":{"start":{"line":12,"column":2},"end":{"line":12,"column":44}},"7":{"start":{"line":12,"column":30},"end":{"line":12,"column":43}},"8":{"start":{"line":15,"column":15},"end":{"line":22,"column":1}},"9":{"start":{"line":16,"column":17},"end":{"line":18,"column":3}},"10":{"start":{"line":20,"column":14},"end":{"line":20,"column":58}},"11":{"start":{"line":21,"column":2},"end":{"line":21,"column":17}},"12":{"start":{"line":24,"column":15},"end":{"line":27,"column":1}},"13":{"start":{"line":25,"column":14},"end":{"line":25,"column":54}},"14":{"start":{"line":26,"column":2},"end":{"line":26,"column":34}},"15":{"start":{"line":26,"column":25},"end":{"line":26,"column":33}}},"fnMap":{"0":{"name":"(anonymous_0)","decl":{"start":{"line":6,"column":17},"end":{"line":6,"column":18}},"loc":{"start":{"line":6,"column":30},"end":{"line":8,"column":1}},"line":6},"1":{"name":"(anonymous_1)","decl":{"start":{"line":10,"column":15},"end":{"line":10,"column":16}},"loc":{"start":{"line":10,"column":21},"end":{"line":13,"column":1}},"line":10},"2":{"name":"(anonymous_2)","decl":{"start":{"line":12,"column":18},"end":{"line":12,"column":19}},"loc":{"start":{"line":12,"column":30},"end":{"line":12,"column":43}},"line":12},"3":{"name":"(anonymous_3)","decl":{"start":{"line":15,"column":15},"end":{"line":15,"column":16}},"loc":{"start":{"line":15,"column":34},"end":{"line":22,"column":1}},"line":15},"4":{"name":"(anonymous_4)","decl":{"start":{"line":24,"column":15},"end":{"line":24,"column":16}},"loc":{"start":{"line":24,"column":34},"end":{"line":27,"column":1}},"line":24},"5":{"name":"(anonymous_5)","decl":{"start":{"line":26,"column":18},"end":{"line":26,"column":19}},"loc":{"start":{"line":26,"column":25},"end":{"line":26,"column":33}},"line":26}},"branchMap":{},"s":{"0":0,"1":0,"2":0,"3":0,"4":0,"5":0,"6":0,"7":0,"8":0,"9":0,"10":0,"11":0,"12":0,"13":0,"14":0,"15":0},"f":{"0":0,"1":0,"2":0,"3":0,"4":0,"5":0},"b":{},"hash":"d776c68bbeb0ccb699791bc3e9873bddcf6d3e38"}
}
